2026-02-23 13:33:49.797 KST [9102] 로그:  PostgreSQL 15.13 (Ubuntu 15.13-1.pgdg20.04+1) on x86_64-pc-linux-gnu, compiled by gcc (Ubuntu 9.4.0-1ubuntu1~20.04.2) 9.4.0, 64-bit 서버를 시작합니다.
2026-02-23 13:33:49.798 KST [9102] 로그:  IPv4, 주소: "127.0.0.1", 포트 55432 번으로 접속을 허용합니다
2026-02-23 13:33:49.803 KST [9102] 로그:  "/home/student1/sensitive-info-detection/data/db_storage/.s.PGSQL.55432" 유닉스 도메인 소켓으로 접속을 허용합니다
2026-02-23 13:33:49.813 KST [9107] 로그:  데이터베이스 시스템이 비정상적으로 종료되었음; 마지막 운영시간: 2026-02-09 06:36:48 KST
2026-02-23 13:33:49.887 KST [9107] 로그:  데이터베이스 시스템이 정상적으로 종료되지 못했습니다, 자동 복구 작업을 진행합니다
2026-02-23 13:33:49.891 KST [9107] 로그:  2/DDB3BEB0에서 redo 작업 시작됨
2026-02-23 13:33:49.891 KST [9107] 로그:  잘못된 레코드 길이: 2/DDB3BF98, 기대값 24, 실재값 0
2026-02-23 13:33:49.891 KST [9107] 로그:  2/DDB3BF60에서 redo 작업 완료, 시스템 사용량: CPU: user: 0.00 s, system: 0.00 s, elapsed: 0.00 s
2026-02-23 13:33:49.899 KST [9105] 로그:  체크포인트 시작: end-of-recovery immediate wait
2026-02-23 13:33:49.921 KST [9105] 로그:  채크포인트 작업완료: 3개(0.0%) 버퍼 씀; 0개 WAL 파일 추가됨, 0개 지웠음, 0개 재활용; 쓰기시간: 0.007 s, 동기화시간: 0.002 s, 전체시간: 0.025 s; 동기화 파일 개수: 2, 최장시간: 0.001 s, 평균시간: 0.001 s; 실제작업량: 0 kB, 예상한작업량: 0 kB
2026-02-23 13:33:49.926 KST [9102] 로그:  이제 데이터베이스 서버로 접속할 수 있습니다
2026-02-23 13:34:13.016 KST [9243] 오류:  중복된 키 값이 "domain_pkey" 고유 제약 조건을 위반함
2026-02-23 13:34:13.016 KST [9243] 상세정보:  (domain_id)=(44) 키가 이미 있습니다.
2026-02-23 13:34:13.016 KST [9243] 명령 구문:  INSERT INTO domain (domain_id, domain_name) VALUES (44, 'intellectual_property_and_patent_management')
2026-02-23 13:34:13.017 KST [9243] 오류:  중복된 키 값이 "domain_pkey" 고유 제약 조건을 위반함
2026-02-23 13:34:13.017 KST [9243] 상세정보:  (domain_id)=(81) 키가 이미 있습니다.
2026-02-23 13:34:13.017 KST [9243] 명령 구문:  INSERT INTO domain (domain_id, domain_name) VALUES (81, 'remote_work_and_digital_nomad_services')
2026-02-23 13:34:13.018 KST [9243] 오류:  중복된 키 값이 "domain_pkey" 고유 제약 조건을 위반함
2026-02-23 13:34:13.018 KST [9243] 상세정보:  (domain_id)=(58) 키가 이미 있습니다.
2026-02-23 13:34:13.018 KST [9243] 명령 구문:  INSERT INTO domain (domain_id, domain_name) VALUES (58, 'materials_science_and_advanced_materials')
2026-02-23 13:34:13.019 KST [9243] 오류:  중복된 키 값이 "domain_pkey" 고유 제약 조건을 위반함
2026-02-23 13:34:13.019 KST [9243] 상세정보:  (domain_id)=(100) 키가 이미 있습니다.
2026-02-23 13:34:13.019 KST [9243] 명령 구문:  INSERT INTO domain (domain_id, domain_name) VALUES (100, 'digital_preservation_and_web_archiving')
2026-02-23 13:34:13.020 KST [9243] 오류:  중복된 키 값이 "domain_pkey" 고유 제약 조건을 위반함
2026-02-23 13:34:13.020 KST [9243] 상세정보:  (domain_id)=(78) 키가 이미 있습니다.
2026-02-23 13:34:13.020 KST [9243] 명령 구문:  INSERT INTO domain (domain_id, domain_name) VALUES (78, 'behavioral_science_and_nudge_technology')
2026-02-23 13:34:13.020 KST [9243] 오류:  중복된 키 값이 "domain_pkey" 고유 제약 조건을 위반함
2026-02-23 13:34:13.020 KST [9243] 상세정보:  (domain_id)=(8) 키가 이미 있습니다.
2026-02-23 13:34:13.020 KST [9243] 명령 구문:  INSERT INTO domain (domain_id, domain_name) VALUES (8, 'travel')
2026-02-23 13:34:13.021 KST [9243] 오류:  중복된 키 값이 "domain_pkey" 고유 제약 조건을 위반함
2026-02-23 13:34:13.021 KST [9243] 상세정보:  (domain_id)=(14) 키가 이미 있습니다.
2026-02-23 13:34:13.021 KST [9243] 명령 구문:  INSERT INTO domain (domain_id, domain_name) VALUES (14, 'education')
2026-02-23 13:34:13.022 KST [9243] 오류:  중복된 키 값이 "domain_pkey" 고유 제약 조건을 위반함
2026-02-23 13:34:13.022 KST [9243] 상세정보:  (domain_id)=(15) 키가 이미 있습니다.
2026-02-23 13:34:13.022 KST [9243] 명령 구문:  INSERT INTO domain (domain_id, domain_name) VALUES (15, 'agriculture')
2026-02-23 13:34:13.023 KST [9243] 오류:  중복된 키 값이 "domain_pkey" 고유 제약 조건을 위반함
2026-02-23 13:34:13.023 KST [9243] 상세정보:  (domain_id)=(18) 키가 이미 있습니다.
2026-02-23 13:34:13.023 KST [9243] 명령 구문:  INSERT INTO domain (domain_id, domain_name) VALUES (18, 'construction')
2026-02-23 13:34:13.024 KST [9243] 오류:  중복된 키 값이 "domain_pkey" 고유 제약 조건을 위반함
2026-02-23 13:34:13.024 KST [9243] 상세정보:  (domain_id)=(77) 키가 이미 있습니다.
2026-02-23 13:34:13.024 KST [9243] 명령 구문:  INSERT INTO domain (domain_id, domain_name) VALUES (77, 'open_source_software_licensing_and_governance')
2026-02-23 13:34:13.024 KST [9243] 오류:  중복된 키 값이 "domain_pkey" 고유 제약 조건을 위반함
2026-02-23 13:34:13.024 KST [9243] 상세정보:  (domain_id)=(89) 키가 이미 있습니다.
2026-02-23 13:34:13.024 KST [9243] 명령 구문:  INSERT INTO domain (domain_id, domain_name) VALUES (89, 'water_resource_management_and_hydrology')
2026-02-23 13:34:13.025 KST [9243] 오류:  중복된 키 값이 "domain_pkey" 고유 제약 조건을 위반함
2026-02-23 13:34:13.025 KST [9243] 상세정보:  (domain_id)=(61) 키가 이미 있습니다.
2026-02-23 13:34:13.025 KST [9243] 명령 구문:  INSERT INTO domain (domain_id, domain_name) VALUES (61, 'acoustic_engineering_and_noise_control')
2026-02-23 13:34:13.026 KST [9243] 오류:  중복된 키 값이 "domain_pkey" 고유 제약 조건을 위반함
2026-02-23 13:34:13.026 KST [9243] 상세정보:  (domain_id)=(13) 키가 이미 있습니다.
2026-02-23 13:34:13.026 KST [9243] 명령 구문:  INSERT INTO domain (domain_id, domain_name) VALUES (13, 'human_services')
2026-02-23 13:34:13.026 KST [9243] 오류:  중복된 키 값이 "domain_pkey" 고유 제약 조건을 위반함
2026-02-23 13:34:13.026 KST [9243] 상세정보:  (domain_id)=(35) 키가 이미 있습니다.
2026-02-23 13:34:13.026 KST [9243] 명령 구문:  INSERT INTO domain (domain_id, domain_name) VALUES (35, 'cultural_heritage_and_museum_sciences')
2026-02-23 13:34:13.027 KST [9243] 오류:  중복된 키 값이 "domain_pkey" 고유 제약 조건을 위반함
2026-02-23 13:34:13.027 KST [9243] 상세정보:  (domain_id)=(31) 키가 이미 있습니다.
2026-02-23 13:34:13.027 KST [9243] 명령 구문:  INSERT INTO domain (domain_id, domain_name) VALUES (31, 'waste_management_and_recycling')
2026-02-23 13:34:13.028 KST [9243] 오류:  중복된 키 값이 "domain_pkey" 고유 제약 조건을 위반함
2026-02-23 13:34:13.028 KST [9243] 상세정보:  (domain_id)=(98) 키가 이미 있습니다.
2026-02-23 13:34:13.028 KST [9243] 명령 구문:  INSERT INTO domain (domain_id, domain_name) VALUES (98, 'superyacht_and_yachting_industry')
2026-02-23 13:34:13.029 KST [9243] 오류:  중복된 키 값이 "domain_pkey" 고유 제약 조건을 위반함
2026-02-23 13:34:13.029 KST [9243] 상세정보:  (domain_id)=(52) 키가 이미 있습니다.
2026-02-23 13:34:13.029 KST [9243] 명령 구문:  INSERT INTO domain (domain_id, domain_name) VALUES (52, 'synthetic_biology_and_biofoundry_operations')
2026-02-23 13:34:13.030 KST [9243] 오류:  중복된 키 값이 "domain_pkey" 고유 제약 조건을 위반함
2026-02-23 13:34:13.030 KST [9243] 상세정보:  (domain_id)=(82) 키가 이미 있습니다.
2026-02-23 13:34:13.030 KST [9243] 명령 구문:  INSERT INTO domain (domain_id, domain_name) VALUES (82, 'deepfake_forensics_and_synthetic_media_detection')
2026-02-23 13:34:13.031 KST [9243] 오류:  중복된 키 값이 "domain_pkey" 고유 제약 조건을 위반함
2026-02-23 13:34:13.031 KST [9243] 상세정보:  (domain_id)=(36) 키가 이미 있습니다.
2026-02-23 13:34:13.031 KST [9243] 명령 구문:  INSERT INTO domain (domain_id, domain_name) VALUES (36, 'maritime_and_port_operations')
2026-02-23 13:34:13.032 KST [9243] 오류:  중복된 키 값이 "domain_pkey" 고유 제약 조건을 위반함
2026-02-23 13:34:13.032 KST [9243] 상세정보:  (domain_id)=(64) 키가 이미 있습니다.
2026-02-23 13:34:13.032 KST [9243] 명령 구문:  INSERT INTO domain (domain_id, domain_name) VALUES (64, 'biobanking_and_biospecimen_management')
2026-02-23 13:34:13.034 KST [9243] 오류:  중복된 키 값이 "domain_pkey" 고유 제약 조건을 위반함
2026-02-23 13:34:13.034 KST [9243] 상세정보:  (domain_id)=(40) 키가 이미 있습니다.
2026-02-23 13:34:13.034 KST [9243] 명령 구문:  INSERT INTO domain (domain_id, domain_name) VALUES (40, 'human_resources_and_talent_management')
2026-02-23 13:34:13.035 KST [9243] 오류:  중복된 키 값이 "domain_pkey" 고유 제약 조건을 위반함
2026-02-23 13:34:13.035 KST [9243] 상세정보:  (domain_id)=(999) 키가 이미 있습니다.
2026-02-23 13:34:13.035 KST [9243] 명령 구문:  INSERT INTO domain (domain_id, domain_name) VALUES (999, 'contract_sheet')
2026-02-23 13:34:13.037 KST [9243] 오류:  중복된 키 값이 "domain_pkey" 고유 제약 조건을 위반함
2026-02-23 13:34:13.037 KST [9243] 상세정보:  (domain_id)=(7) 키가 이미 있습니다.
2026-02-23 13:34:13.037 KST [9243] 명령 구문:  INSERT INTO domain (domain_id, domain_name) VALUES (7, 'ecommerce')
2026-02-23 13:34:13.038 KST [9243] 오류:  중복된 키 값이 "domain_pkey" 고유 제약 조건을 위반함
2026-02-23 13:34:13.038 KST [9243] 상세정보:  (domain_id)=(65) 키가 이미 있습니다.
2026-02-23 13:34:13.038 KST [9243] 명령 구문:  INSERT INTO domain (domain_id, domain_name) VALUES (65, 'circular_economy_and_product_lifecycle_management')
2026-02-23 13:34:13.039 KST [9243] 오류:  중복된 키 값이 "domain_pkey" 고유 제약 조건을 위반함
2026-02-23 13:34:13.039 KST [9243] 상세정보:  (domain_id)=(90) 키가 이미 있습니다.
2026-02-23 13:34:13.039 KST [9243] 명령 구문:  INSERT INTO domain (domain_id, domain_name) VALUES (90, 'cross_border_trade_and_customs_compliance')
2026-02-23 13:34:13.041 KST [9243] 오류:  중복된 키 값이 "domain_pkey" 고유 제약 조건을 위반함
2026-02-23 13:34:13.041 KST [9243] 상세정보:  (domain_id)=(10) 키가 이미 있습니다.
2026-02-23 13:34:13.041 KST [9243] 명령 구문:  INSERT INTO domain (domain_id, domain_name) VALUES (10, 'hospitality')
2026-02-23 13:34:13.042 KST [9243] 오류:  중복된 키 값이 "domain_pkey" 고유 제약 조건을 위반함
2026-02-23 13:34:13.042 KST [9243] 상세정보:  (domain_id)=(57) 키가 이미 있습니다.
2026-02-23 13:34:13.042 KST [9243] 명령 구문:  INSERT INTO domain (domain_id, domain_name) VALUES (57, 'elder_care_and_assisted_living')
2026-02-23 13:34:13.043 KST [9243] 오류:  중복된 키 값이 "domain_pkey" 고유 제약 조건을 위반함
2026-02-23 13:34:13.043 KST [9243] 상세정보:  (domain_id)=(47) 키가 이미 있습니다.
2026-02-23 13:34:13.043 KST [9243] 명령 구문:  INSERT INTO domain (domain_id, domain_name) VALUES (47, 'art_market_and_auction_house')
2026-02-23 13:34:13.044 KST [9243] 오류:  중복된 키 값이 "domain_pkey" 고유 제약 조건을 위반함
2026-02-23 13:34:13.044 KST [9243] 상세정보:  (domain_id)=(39) 키가 이미 있습니다.
2026-02-23 13:34:13.044 KST [9243] 명령 구문:  INSERT INTO domain (domain_id, domain_name) VALUES (39, 'advertising_and_marketing_technology')
2026-02-23 13:34:13.045 KST [9243] 오류:  중복된 키 값이 "domain_pkey" 고유 제약 조건을 위반함
2026-02-23 13:34:13.045 KST [9243] 상세정보:  (domain_id)=(16) 키가 이미 있습니다.
2026-02-23 13:34:13.045 KST [9243] 명령 구문:  INSERT INTO domain (domain_id, domain_name) VALUES (16, 'manufacturing_industry')
2026-02-23 13:34:13.047 KST [9243] 오류:  중복된 키 값이 "domain_pkey" 고유 제약 조건을 위반함
2026-02-23 13:34:13.047 KST [9243] 상세정보:  (domain_id)=(56) 키가 이미 있습니다.
2026-02-23 13:34:13.047 KST [9243] 명령 구문:  INSERT INTO domain (domain_id, domain_name) VALUES (56, 'philanthropy_and_grant_management')
2026-02-23 13:34:13.048 KST [9243] 오류:  중복된 키 값이 "domain_pkey" 고유 제약 조건을 위반함
2026-02-23 13:34:13.048 KST [9243] 상세정보:  (domain_id)=(59) 키가 이미 있습니다.
2026-02-23 13:34:13.048 KST [9243] 명령 구문:  INSERT INTO domain (domain_id, domain_name) VALUES (59, 'forensic_science_and_crime_lab_operations')
2026-02-23 13:34:13.049 KST [9243] 오류:  중복된 키 값이 "domain_pkey" 고유 제약 조건을 위반함
2026-02-23 13:34:13.049 KST [9243] 상세정보:  (domain_id)=(67) 키가 이미 있습니다.
2026-02-23 13:34:13.049 KST [9243] 명령 구문:  INSERT INTO domain (domain_id, domain_name) VALUES (67, 'self_sovereign_identity_and_personal_data_wallets')
2026-02-23 13:34:13.050 KST [9243] 오류:  중복된 키 값이 "domain_pkey" 고유 제약 조건을 위반함
2026-02-23 13:34:13.050 KST [9243] 상세정보:  (domain_id)=(83) 키가 이미 있습니다.
2026-02-23 13:34:13.050 KST [9243] 명령 구문:  INSERT INTO domain (domain_id, domain_name) VALUES (83, 'scent_and_fragrance_industry')
2026-02-23 13:34:13.051 KST [9243] 오류:  중복된 키 값이 "domain_pkey" 고유 제약 조건을 위반함
2026-02-23 13:34:13.051 KST [9243] 상세정보:  (domain_id)=(88) 키가 이미 있습니다.
2026-02-23 13:34:13.051 KST [9243] 명령 구문:  INSERT INTO domain (domain_id, domain_name) VALUES (88, 'micro_mobility_and_electric_scooter_operations')
2026-02-23 13:34:13.052 KST [9243] 오류:  중복된 키 값이 "domain_pkey" 고유 제약 조건을 위반함
2026-02-23 13:34:13.052 KST [9243] 상세정보:  (domain_id)=(1) 키가 이미 있습니다.
2026-02-23 13:34:13.052 KST [9243] 명령 구문:  INSERT INTO domain (domain_id, domain_name) VALUES (1, 'virtual_company')
2026-02-23 13:34:13.053 KST [9243] 오류:  중복된 키 값이 "domain_pkey" 고유 제약 조건을 위반함
2026-02-23 13:34:13.053 KST [9243] 상세정보:  (domain_id)=(25) 키가 이미 있습니다.
2026-02-23 13:34:13.053 KST [9243] 명령 구문:  INSERT INTO domain (domain_id, domain_name) VALUES (25, 'public_safety_and_emergency_services')
2026-02-23 13:34:13.054 KST [9243] 오류:  중복된 키 값이 "domain_pkey" 고유 제약 조건을 위반함
2026-02-23 13:34:13.054 KST [9243] 상세정보:  (domain_id)=(62) 키가 이미 있습니다.
2026-02-23 13:34:13.054 KST [9243] 명령 구문:  INSERT INTO domain (domain_id, domain_name) VALUES (62, 'event_planning_and_live_events')
2026-02-23 13:34:13.055 KST [9243] 오류:  중복된 키 값이 "domain_pkey" 고유 제약 조건을 위반함
2026-02-23 13:34:13.055 KST [9243] 상세정보:  (domain_id)=(3) 키가 이미 있습니다.
2026-02-23 13:34:13.055 KST [9243] 명령 구문:  INSERT INTO domain (domain_id, domain_name) VALUES (3, 'finance')
2026-02-23 13:34:13.056 KST [9243] 오류:  중복된 키 값이 "domain_pkey" 고유 제약 조건을 위반함
2026-02-23 13:34:13.056 KST [9243] 상세정보:  (domain_id)=(23) 키가 이미 있습니다.
2026-02-23 13:34:13.056 KST [9243] 명령 구문:  INSERT INTO domain (domain_id, domain_name) VALUES (23, 'pharmaceuticals_and_drug_development')
2026-02-23 13:34:13.057 KST [9243] 오류:  중복된 키 값이 "domain_pkey" 고유 제약 조건을 위반함
2026-02-23 13:34:13.057 KST [9243] 상세정보:  (domain_id)=(92) 키가 이미 있습니다.
2026-02-23 13:34:13.057 KST [9243] 명령 구문:  INSERT INTO domain (domain_id, domain_name) VALUES (92, 'music_rights_and_royalty_management')
2026-02-23 13:34:13.058 KST [9243] 오류:  중복된 키 값이 "domain_pkey" 고유 제약 조건을 위반함
2026-02-23 13:34:13.058 KST [9243] 상세정보:  (domain_id)=(68) 키가 이미 있습니다.
2026-02-23 13:34:13.058 KST [9243] 명령 구문:  INSERT INTO domain (domain_id, domain_name) VALUES (68, 'personalized_nutrition_and_dietary_genomics')
2026-02-23 13:34:13.059 KST [9243] 오류:  중복된 키 값이 "domain_pkey" 고유 제약 조건을 위반함
2026-02-23 13:34:13.059 KST [9243] 상세정보:  (domain_id)=(17) 키가 이미 있습니다.
2026-02-23 13:34:13.059 KST [9243] 명령 구문:  INSERT INTO domain (domain_id, domain_name) VALUES (17, 'cyber_security')
2026-02-23 13:34:13.060 KST [9243] 오류:  중복된 키 값이 "domain_pkey" 고유 제약 조건을 위반함
2026-02-23 13:34:13.060 KST [9243] 상세정보:  (domain_id)=(24) 키가 이미 있습니다.
2026-02-23 13:34:13.060 KST [9243] 명령 구문:  INSERT INTO domain (domain_id, domain_name) VALUES (24, 'logistics_and_supply_chain')
2026-02-23 13:34:13.061 KST [9243] 오류:  중복된 키 값이 "domain_pkey" 고유 제약 조건을 위반함
2026-02-23 13:34:13.061 KST [9243] 상세정보:  (domain_id)=(45) 키가 이미 있습니다.
2026-02-23 13:34:13.061 KST [9243] 명령 구문:  INSERT INTO domain (domain_id, domain_name) VALUES (45, 'nanotechnology_and_nanomanufacturing')
2026-02-23 13:34:13.061 KST [9243] 오류:  중복된 키 값이 "domain_pkey" 고유 제약 조건을 위반함
2026-02-23 13:34:13.061 KST [9243] 상세정보:  (domain_id)=(55) 키가 이미 있습니다.
2026-02-23 13:34:13.061 KST [9243] 명령 구문:  INSERT INTO domain (domain_id, domain_name) VALUES (55, 'chemical_process_and_plant_operations')
2026-02-23 13:34:13.062 KST [9243] 오류:  중복된 키 값이 "domain_pkey" 고유 제약 조건을 위반함
2026-02-23 13:34:13.062 KST [9243] 상세정보:  (domain_id)=(96) 키가 이미 있습니다.
2026-02-23 13:34:13.062 KST [9243] 명령 구문:  INSERT INTO domain (domain_id, domain_name) VALUES (96, 'executive_protection_and_personal_security')
2026-02-23 13:34:13.063 KST [9243] 오류:  중복된 키 값이 "domain_pkey" 고유 제약 조건을 위반함
2026-02-23 13:34:13.063 KST [9243] 상세정보:  (domain_id)=(30) 키가 이미 있습니다.
2026-02-23 13:34:13.063 KST [9243] 명령 구문:  INSERT INTO domain (domain_id, domain_name) VALUES (30, 'urban_planning_and_smart_cities')
2026-02-23 13:34:13.064 KST [9243] 오류:  중복된 키 값이 "domain_pkey" 고유 제약 조건을 위반함
2026-02-23 13:34:13.064 KST [9243] 상세정보:  (domain_id)=(11) 키가 이미 있습니다.
2026-02-23 13:34:13.064 KST [9243] 명령 구문:  INSERT INTO domain (domain_id, domain_name) VALUES (11, 'transportation')
2026-02-23 13:34:13.065 KST [9243] 오류:  중복된 키 값이 "domain_pkey" 고유 제약 조건을 위반함
2026-02-23 13:34:13.065 KST [9243] 상세정보:  (domain_id)=(5) 키가 이미 있습니다.
2026-02-23 13:34:13.065 KST [9243] 명령 구문:  INSERT INTO domain (domain_id, domain_name) VALUES (5, 'legal')
2026-02-23 13:34:13.065 KST [9243] 오류:  중복된 키 값이 "domain_pkey" 고유 제약 조건을 위반함
2026-02-23 13:34:13.065 KST [9243] 상세정보:  (domain_id)=(85) 키가 이미 있습니다.
2026-02-23 13:34:13.065 KST [9243] 명령 구문:  INSERT INTO domain (domain_id, domain_name) VALUES (85, 'occupational_health_and_safety')
2026-02-23 13:34:13.067 KST [9243] 오류:  중복된 키 값이 "domain_pkey" 고유 제약 조건을 위반함
2026-02-23 13:34:13.067 KST [9243] 상세정보:  (domain_id)=(37) 키가 이미 있습니다.
2026-02-23 13:34:13.067 KST [9243] 명령 구문:  INSERT INTO domain (domain_id, domain_name) VALUES (37, 'veterinary_medicine_and_animal_health')
2026-02-23 13:34:13.069 KST [9243] 오류:  중복된 키 값이 "domain_pkey" 고유 제약 조건을 위반함
2026-02-23 13:34:13.069 KST [9243] 상세정보:  (domain_id)=(74) 키가 이미 있습니다.
2026-02-23 13:34:13.069 KST [9243] 명령 구문:  INSERT INTO domain (domain_id, domain_name) VALUES (74, 'beauty_and_personal_care')
2026-02-23 13:34:13.070 KST [9243] 오류:  중복된 키 값이 "domain_pkey" 고유 제약 조건을 위반함
2026-02-23 13:34:13.070 KST [9243] 상세정보:  (domain_id)=(9) 키가 이미 있습니다.
2026-02-23 13:34:13.070 KST [9243] 명령 구문:  INSERT INTO domain (domain_id, domain_name) VALUES (9, 'telecom')
2026-02-23 13:34:13.072 KST [9243] 오류:  중복된 키 값이 "domain_pkey" 고유 제약 조건을 위반함
2026-02-23 13:34:13.072 KST [9243] 상세정보:  (domain_id)=(41) 키가 이미 있습니다.
2026-02-23 13:34:13.072 KST [9243] 명령 구문:  INSERT INTO domain (domain_id, domain_name) VALUES (41, 'space_tourism_and_commercial_spaceflight')
2026-02-23 13:34:13.073 KST [9243] 오류:  중복된 키 값이 "domain_pkey" 고유 제약 조건을 위반함
2026-02-23 13:34:13.073 KST [9243] 상세정보:  (domain_id)=(63) 키가 이미 있습니다.
2026-02-23 13:34:13.073 KST [9243] 명령 구문:  INSERT INTO domain (domain_id, domain_name) VALUES (63, 'longevity_and_anti_aging_research')
2026-02-23 13:34:13.075 KST [9243] 오류:  중복된 키 값이 "domain_pkey" 고유 제약 조건을 위반함
2026-02-23 13:34:13.075 KST [9243] 상세정보:  (domain_id)=(6) 키가 이미 있습니다.
2026-02-23 13:34:13.075 KST [9243] 명령 구문:  INSERT INTO domain (domain_id, domain_name) VALUES (6, 'real_estate')
2026-02-23 13:34:13.076 KST [9243] 오류:  중복된 키 값이 "domain_pkey" 고유 제약 조건을 위반함
2026-02-23 13:34:13.076 KST [9243] 상세정보:  (domain_id)=(33) 키가 이미 있습니다.
2026-02-23 13:34:13.076 KST [9243] 명령 구문:  INSERT INTO domain (domain_id, domain_name) VALUES (33, 'quantum_computing')
2026-02-23 13:34:13.078 KST [9243] 오류:  중복된 키 값이 "domain_pkey" 고유 제약 조건을 위반함
2026-02-23 13:34:13.078 KST [9243] 상세정보:  (domain_id)=(73) 키가 이미 있습니다.
2026-02-23 13:34:13.078 KST [9243] 명령 구문:  INSERT INTO domain (domain_id, domain_name) VALUES (73, 'neurotechnology_and_brain_computer_interfaces')
2026-02-23 13:34:13.080 KST [9243] 오류:  중복된 키 값이 "domain_pkey" 고유 제약 조건을 위반함
2026-02-23 13:34:13.080 KST [9243] 상세정보:  (domain_id)=(71) 키가 이미 있습니다.
2026-02-23 13:34:13.080 KST [9243] 명령 구문:  INSERT INTO domain (domain_id, domain_name) VALUES (71, 'green_hydrogen_and_hydrogen_infrastructure')
2026-02-23 13:34:13.081 KST [9243] 오류:  중복된 키 값이 "domain_pkey" 고유 제약 조건을 위반함
2026-02-23 13:34:13.081 KST [9243] 상세정보:  (domain_id)=(48) 키가 이미 있습니다.
2026-02-23 13:34:13.081 KST [9243] 명령 구문:  INSERT INTO domain (domain_id, domain_name) VALUES (48, 'aquaculture_and_fisheries')
2026-02-23 13:34:13.082 KST [9243] 오류:  중복된 키 값이 "domain_pkey" 고유 제약 조건을 위반함
2026-02-23 13:34:13.082 KST [9243] 상세정보:  (domain_id)=(94) 키가 이미 있습니다.
2026-02-23 13:34:13.082 KST [9243] 명령 구문:  INSERT INTO domain (domain_id, domain_name) VALUES (94, 'dental_clinic_and_oral_health')
2026-02-23 13:34:13.084 KST [9243] 오류:  중복된 키 값이 "domain_pkey" 고유 제약 조건을 위반함
2026-02-23 13:34:13.084 KST [9243] 상세정보:  (domain_id)=(12) 키가 이미 있습니다.
2026-02-23 13:34:13.084 KST [9243] 명령 구문:  INSERT INTO domain (domain_id, domain_name) VALUES (12, 'energy')
2026-02-23 13:34:13.085 KST [9243] 오류:  중복된 키 값이 "domain_pkey" 고유 제약 조건을 위반함
2026-02-23 13:34:13.085 KST [9243] 상세정보:  (domain_id)=(86) 키가 이미 있습니다.
2026-02-23 13:34:13.085 KST [9243] 명령 구문:  INSERT INTO domain (domain_id, domain_name) VALUES (86, 'subscription_and_recurring_revenue_management')
2026-02-23 13:34:13.087 KST [9243] 오류:  중복된 키 값이 "domain_pkey" 고유 제약 조건을 위반함
2026-02-23 13:34:13.087 KST [9243] 상세정보:  (domain_id)=(99) 키가 이미 있습니다.
2026-02-23 13:34:13.087 KST [9243] 명령 구문:  INSERT INTO domain (domain_id, domain_name) VALUES (99, 'prosthetics_and_orthotics')
2026-02-23 13:34:13.088 KST [9243] 오류:  중복된 키 값이 "domain_pkey" 고유 제약 조건을 위반함
2026-02-23 13:34:13.088 KST [9243] 상세정보:  (domain_id)=(80) 키가 이미 있습니다.
2026-02-23 13:34:13.088 KST [9243] 명령 구문:  INSERT INTO domain (domain_id, domain_name) VALUES (80, 'deathcare_and_funeral_services')
2026-02-23 13:34:13.089 KST [9243] 오류:  중복된 키 값이 "domain_pkey" 고유 제약 조건을 위반함
2026-02-23 13:34:13.089 KST [9243] 상세정보:  (domain_id)=(50) 키가 이미 있습니다.
2026-02-23 13:34:13.089 KST [9243] 명령 구문:  INSERT INTO domain (domain_id, domain_name) VALUES (50, 'meteorology_and_climate_modeling')
2026-02-23 13:34:13.090 KST [9243] 오류:  중복된 키 값이 "domain_pkey" 고유 제약 조건을 위반함
2026-02-23 13:34:13.090 KST [9243] 상세정보:  (domain_id)=(34) 키가 이미 있습니다.
2026-02-23 13:34:13.090 KST [9243] 명령 구문:  INSERT INTO domain (domain_id, domain_name) VALUES (34, 'semiconductor_and_microelectronics')
2026-02-23 13:34:13.091 KST [9243] 오류:  중복된 키 값이 "domain_pkey" 고유 제약 조건을 위반함
2026-02-23 13:34:13.091 KST [9243] 상세정보:  (domain_id)=(79) 키가 이미 있습니다.
2026-02-23 13:34:13.091 KST [9243] 명령 구문:  INSERT INTO domain (domain_id, domain_name) VALUES (79, 'smart_textiles_and_e_textiles')
2026-02-23 13:34:13.092 KST [9243] 오류:  중복된 키 값이 "domain_pkey" 고유 제약 조건을 위반함
2026-02-23 13:34:13.092 KST [9243] 상세정보:  (domain_id)=(2) 키가 이미 있습니다.
2026-02-23 13:34:13.092 KST [9243] 명령 구문:  INSERT INTO domain (domain_id, domain_name) VALUES (2, 'medical')
2026-02-23 13:34:13.094 KST [9243] 오류:  중복된 키 값이 "domain_pkey" 고유 제약 조건을 위반함
2026-02-23 13:34:13.094 KST [9243] 상세정보:  (domain_id)=(93) 키가 이미 있습니다.
2026-02-23 13:34:13.094 KST [9243] 명령 구문:  INSERT INTO domain (domain_id, domain_name) VALUES (93, 'anti_counterfeiting_and_brand_protection')
2026-02-23 13:34:13.095 KST [9243] 오류:  중복된 키 값이 "domain_pkey" 고유 제약 조건을 위반함
2026-02-23 13:34:13.095 KST [9243] 상세정보:  (domain_id)=(76) 키가 이미 있습니다.
2026-02-23 13:34:13.095 KST [9243] 명령 구문:  INSERT INTO domain (domain_id, domain_name) VALUES (76, 'indoor_farming_and_hydroponics')
2026-02-23 13:34:13.096 KST [9243] 오류:  중복된 키 값이 "domain_pkey" 고유 제약 조건을 위반함
2026-02-23 13:34:13.096 KST [9243] 상세정보:  (domain_id)=(66) 키가 이미 있습니다.
2026-02-23 13:34:13.096 KST [9243] 명령 구문:  INSERT INTO domain (domain_id, domain_name) VALUES (66, 'autonomous_vehicle_fleet_management')
2026-02-23 13:34:13.098 KST [9243] 오류:  중복된 키 값이 "domain_pkey" 고유 제약 조건을 위반함
2026-02-23 13:34:13.098 KST [9243] 상세정보:  (domain_id)=(27) 키가 이미 있습니다.
2026-02-23 13:34:13.098 KST [9243] 명령 구문:  INSERT INTO domain (domain_id, domain_name) VALUES (27, 'fashion_and_apparel')
2026-02-23 13:34:13.099 KST [9243] 오류:  중복된 키 값이 "domain_pkey" 고유 제약 조건을 위반함
2026-02-23 13:34:13.099 KST [9243] 상세정보:  (domain_id)=(54) 키가 이미 있습니다.
2026-02-23 13:34:13.099 KST [9243] 명령 구문:  INSERT INTO domain (domain_id, domain_name) VALUES (54, 'translation_and_localization_services')
2026-02-23 13:34:13.101 KST [9243] 오류:  중복된 키 값이 "domain_pkey" 고유 제약 조건을 위반함
2026-02-23 13:34:13.101 KST [9243] 상세정보:  (domain_id)=(38) 키가 이미 있습니다.
2026-02-23 13:34:13.101 KST [9243] 명령 구문:  INSERT INTO domain (domain_id, domain_name) VALUES (38, 'genomics_and_bioinformatics')
2026-02-23 13:34:13.103 KST [9243] 오류:  중복된 키 값이 "domain_pkey" 고유 제약 조건을 위반함
2026-02-23 13:34:13.103 KST [9243] 상세정보:  (domain_id)=(46) 키가 이미 있습니다.
2026-02-23 13:34:13.103 KST [9243] 명령 구문:  INSERT INTO domain (domain_id, domain_name) VALUES (46, 'carbon_markets_and_emissions_trading')
2026-02-23 13:34:13.105 KST [9243] 오류:  중복된 키 값이 "domain_pkey" 고유 제약 조건을 위반함
2026-02-23 13:34:13.105 KST [9243] 상세정보:  (domain_id)=(21) 키가 이미 있습니다.
2026-02-23 13:34:13.105 KST [9243] 명령 구문:  INSERT INTO domain (domain_id, domain_name) VALUES (21, 'sports_and_recreation')
2026-02-23 13:34:13.106 KST [9243] 오류:  중복된 키 값이 "domain_pkey" 고유 제약 조건을 위반함
2026-02-23 13:34:13.106 KST [9243] 상세정보:  (domain_id)=(70) 키가 이미 있습니다.
2026-02-23 13:34:13.106 KST [9243] 명령 구문:  INSERT INTO domain (domain_id, domain_name) VALUES (70, 'digital_twin_and_simulation_platforms')
2026-02-23 13:34:13.108 KST [9243] 오류:  중복된 키 값이 "domain_pkey" 고유 제약 조건을 위반함
2026-02-23 13:34:13.108 KST [9243] 상세정보:  (domain_id)=(26) 키가 이미 있습니다.
2026-02-23 13:34:13.108 KST [9243] 명령 구문:  INSERT INTO domain (domain_id, domain_name) VALUES (26, 'blockchain_and_cryptocurrency')
2026-02-23 13:34:13.109 KST [9243] 오류:  중복된 키 값이 "domain_pkey" 고유 제약 조건을 위반함
2026-02-23 13:34:13.109 KST [9243] 상세정보:  (domain_id)=(29) 키가 이미 있습니다.
2026-02-23 13:34:13.109 KST [9243] 명령 구문:  INSERT INTO domain (domain_id, domain_name) VALUES (29, 'internet_of_things')
2026-02-23 13:34:13.110 KST [9243] 오류:  중복된 키 값이 "domain_pkey" 고유 제약 조건을 위반함
2026-02-23 13:34:13.110 KST [9243] 상세정보:  (domain_id)=(60) 키가 이미 있습니다.
2026-02-23 13:34:13.110 KST [9243] 명령 구문:  INSERT INTO domain (domain_id, domain_name) VALUES (60, 'mental_health_and_psychotherapy_services')
2026-02-23 13:34:13.112 KST [9243] 오류:  중복된 키 값이 "domain_pkey" 고유 제약 조건을 위반함
2026-02-23 13:34:13.112 KST [9243] 상세정보:  (domain_id)=(22) 키가 이미 있습니다.
2026-02-23 13:34:13.112 KST [9243] 명령 구문:  INSERT INTO domain (domain_id, domain_name) VALUES (22, 'aerospace_and_defense')
2026-02-23 13:34:13.113 KST [9243] 오류:  중복된 키 값이 "domain_pkey" 고유 제약 조건을 위반함
2026-02-23 13:34:13.113 KST [9243] 상세정보:  (domain_id)=(75) 키가 이미 있습니다.
2026-02-23 13:34:13.113 KST [9243] 명령 구문:  INSERT INTO domain (domain_id, domain_name) VALUES (75, 'sustainable_packaging_and_materials')
2026-02-23 13:34:13.115 KST [9243] 오류:  중복된 키 값이 "domain_pkey" 고유 제약 조건을 위반함
2026-02-23 13:34:13.115 KST [9243] 상세정보:  (domain_id)=(42) 키가 이미 있습니다.
2026-02-23 13:34:13.115 KST [9243] 명령 구문:  INSERT INTO domain (domain_id, domain_name) VALUES (42, 'augmented_reality_and_mixed_reality')
2026-02-23 13:34:13.116 KST [9243] 오류:  중복된 키 값이 "domain_pkey" 고유 제약 조건을 위반함
2026-02-23 13:34:13.116 KST [9243] 상세정보:  (domain_id)=(28) 키가 이미 있습니다.
2026-02-23 13:34:13.116 KST [9243] 명령 구문:  INSERT INTO domain (domain_id, domain_name) VALUES (28, 'food_and_bevarage_DOUBLE')
2026-02-23 13:34:13.117 KST [9243] 오류:  중복된 키 값이 "domain_pkey" 고유 제약 조건을 위반함
2026-02-23 13:34:13.117 KST [9243] 상세정보:  (domain_id)=(95) 키가 이미 있습니다.
2026-02-23 13:34:13.117 KST [9243] 명령 구문:  INSERT INTO domain (domain_id, domain_name) VALUES (95, 'crowdfunding_platforms_and_campaign_management')
2026-02-23 13:34:13.118 KST [9243] 오류:  중복된 키 값이 "domain_pkey" 고유 제약 조건을 위반함
2026-02-23 13:34:13.118 KST [9243] 상세정보:  (domain_id)=(91) 키가 이미 있습니다.
2026-02-23 13:34:13.118 KST [9243] 명령 구문:  INSERT INTO domain (domain_id, domain_name) VALUES (91, 'anti_money_laundering_and_financial_crime_compliance')
2026-02-23 13:34:13.120 KST [9243] 오류:  중복된 키 값이 "domain_pkey" 고유 제약 조건을 위반함
2026-02-23 13:34:13.120 KST [9243] 상세정보:  (domain_id)=(84) 키가 이미 있습니다.
2026-02-23 13:34:13.120 KST [9243] 명령 구문:  INSERT INTO domain (domain_id, domain_name) VALUES (84, 'data_center_and_cloud_infrastructure_operations')
2026-02-23 13:34:13.121 KST [9243] 오류:  중복된 키 값이 "domain_pkey" 고유 제약 조건을 위반함
2026-02-23 13:34:13.121 KST [9243] 상세정보:  (domain_id)=(0) 키가 이미 있습니다.
2026-02-23 13:34:13.121 KST [9243] 명령 구문:  INSERT INTO domain (domain_id, domain_name) VALUES (0, 'call_speech')
2026-02-23 13:34:13.123 KST [9243] 오류:  중복된 키 값이 "domain_pkey" 고유 제약 조건을 위반함
2026-02-23 13:34:13.123 KST [9243] 상세정보:  (domain_id)=(69) 키가 이미 있습니다.
2026-02-23 13:34:13.123 KST [9243] 명령 구문:  INSERT INTO domain (domain_id, domain_name) VALUES (69, 'forestry_and_forest_management')
2026-02-23 13:34:13.124 KST [9243] 오류:  중복된 키 값이 "domain_pkey" 고유 제약 조건을 위반함
2026-02-23 13:34:13.124 KST [9243] 상세정보:  (domain_id)=(72) 키가 이미 있습니다.
2026-02-23 13:34:13.124 KST [9243] 명령 구문:  INSERT INTO domain (domain_id, domain_name) VALUES (72, 'social_impact_and_impact_investing')
2026-02-23 13:34:13.125 KST [9243] 오류:  중복된 키 값이 "domain_pkey" 고유 제약 조건을 위반함
2026-02-23 13:34:13.125 KST [9243] 상세정보:  (domain_id)=(4) 키가 이미 있습니다.
2026-02-23 13:34:13.125 KST [9243] 명령 구문:  INSERT INTO domain (domain_id, domain_name) VALUES (4, 'insurance')
2026-02-23 13:34:13.126 KST [9243] 오류:  중복된 키 값이 "domain_pkey" 고유 제약 조건을 위반함
2026-02-23 13:34:13.126 KST [9243] 상세정보:  (domain_id)=(32) 키가 이미 있습니다.
2026-02-23 13:34:13.126 KST [9243] 명령 구문:  INSERT INTO domain (domain_id, domain_name) VALUES (32, 'gaming_and_interactive_entertainment')
2026-02-23 13:34:13.127 KST [9243] 오류:  중복된 키 값이 "domain_pkey" 고유 제약 조건을 위반함
2026-02-23 13:34:13.127 KST [9243] 상세정보:  (domain_id)=(51) 키가 이미 있습니다.
2026-02-23 13:34:13.127 KST [9243] 명령 구문:  INSERT INTO domain (domain_id, domain_name) VALUES (51, 'ai_ethics_and_governance')
2026-02-23 13:34:13.128 KST [9243] 오류:  중복된 키 값이 "domain_pkey" 고유 제약 조건을 위반함
2026-02-23 13:34:13.128 KST [9243] 상세정보:  (domain_id)=(87) 키가 이미 있습니다.
2026-02-23 13:34:13.128 KST [9243] 명령 구문:  INSERT INTO domain (domain_id, domain_name) VALUES (87, 'precision_mining_and_geometallurgy')
2026-02-23 13:34:13.130 KST [9243] 오류:  중복된 키 값이 "domain_pkey" 고유 제약 조건을 위반함
2026-02-23 13:34:13.130 KST [9243] 상세정보:  (domain_id)=(43) 키가 이미 있습니다.
2026-02-23 13:34:13.130 KST [9243] 명령 구문:  INSERT INTO domain (domain_id, domain_name) VALUES (43, 'wearable_technology_and_personal_health_devices')
2026-02-23 13:34:13.131 KST [9243] 오류:  중복된 키 값이 "domain_pkey" 고유 제약 조건을 위반함
2026-02-23 13:34:13.131 KST [9243] 상세정보:  (domain_id)=(20) 키가 이미 있습니다.
2026-02-23 13:34:13.131 KST [9243] 명령 구문:  INSERT INTO domain (domain_id, domain_name) VALUES (20, 'media_and_entertainment')
2026-02-23 13:34:13.132 KST [9243] 오류:  중복된 키 값이 "domain_pkey" 고유 제약 조건을 위반함
2026-02-23 13:34:13.132 KST [9243] 상세정보:  (domain_id)=(53) 키가 이미 있습니다.
2026-02-23 13:34:13.132 KST [9243] 명령 구문:  INSERT INTO domain (domain_id, domain_name) VALUES (53, 'election_and_voter_management')
2026-02-23 13:34:13.133 KST [9243] 오류:  중복된 키 값이 "domain_pkey" 고유 제약 조건을 위반함
2026-02-23 13:34:13.133 KST [9243] 상세정보:  (domain_id)=(49) 키가 이미 있습니다.
2026-02-23 13:34:13.133 KST [9243] 명령 구문:  INSERT INTO domain (domain_id, domain_name) VALUES (49, 'drone_delivery_and_urban_air_mobility')
2026-02-23 13:34:13.134 KST [9243] 오류:  중복된 키 값이 "domain_pkey" 고유 제약 조건을 위반함
2026-02-23 13:34:13.134 KST [9243] 상세정보:  (domain_id)=(97) 키가 이미 있습니다.
2026-02-23 13:34:13.134 KST [9243] 명령 구문:  INSERT INTO domain (domain_id, domain_name) VALUES (97, 'cannabis_and_hemp_industry')
2026-02-23 13:34:13.135 KST [9243] 오류:  중복된 키 값이 "domain_pkey" 고유 제약 조건을 위반함
2026-02-23 13:34:13.135 KST [9243] 상세정보:  (domain_id)=(19) 키가 이미 있습니다.
2026-02-23 13:34:13.135 KST [9243] 명령 구문:  INSERT INTO domain (domain_id, domain_name) VALUES (19, 'environmental_monitoring')
2026-02-23 13:38:49.422 KST [9105] 로그:  체크포인트 시작: time
2026-02-23 13:43:19.099 KST [9105] 로그:  채크포인트 작업완료: 6967개(42.5%) 버퍼 씀; 0개 WAL 파일 추가됨, 0개 지웠음, 20개 재활용; 쓰기시간: 269.587 s, 동기화시간: 0.009 s, 전체시간: 269.677 s; 동기화 파일 개수: 32, 최장시간: 0.007 s, 평균시간: 0.001 s; 실제작업량: 330307 kB, 예상한작업량: 330307 kB
2026-02-23 13:47:38.696 KST [9105] 로그:  체크포인트 시작: wal
2026-02-23 13:51:53.559 KST [9105] 로그:  채크포인트 작업완료: 5520개(33.7%) 버퍼 씀; 0개 WAL 파일 추가됨, 0개 지웠음, 33개 재활용; 쓰기시간: 254.715 s, 동기화시간: 0.020 s, 전체시간: 254.864 s; 동기화 파일 개수: 29, 최장시간: 0.008 s, 평균시간: 0.001 s; 실제작업량: 527175 kB, 예상한작업량: 527175 kB
2026-02-23 13:52:38.604 KST [9105] 로그:  체크포인트 시작: time
2026-02-23 13:57:08.194 KST [9105] 로그:  채크포인트 작업완료: 15127개(92.3%) 버퍼 씀; 0개 WAL 파일 추가됨, 0개 지웠음, 28개 재활용; 쓰기시간: 269.471 s, 동기화시간: 0.008 s, 전체시간: 269.590 s; 동기화 파일 개수: 16, 최장시간: 0.004 s, 평균시간: 0.001 s; 실제작업량: 473396 kB, 예상한작업량: 521797 kB
2026-02-23 14:02:38.286 KST [9105] 로그:  체크포인트 시작: time
2026-02-23 14:02:39.219 KST [9105] 로그:  채크포인트 작업완료: 10개(0.1%) 버퍼 씀; 0개 WAL 파일 추가됨, 0개 지웠음, 0개 재활용; 쓰기시간: 0.905 s, 동기화시간: 0.011 s, 전체시간: 0.934 s; 동기화 파일 개수: 8, 최장시간: 0.010 s, 평균시간: 0.002 s; 실제작업량: 35 kB, 예상한작업량: 469621 kB
2026-02-23 14:47:38.958 KST [9105] 로그:  체크포인트 시작: time
2026-02-23 14:52:08.072 KST [9105] 로그:  채크포인트 작업완료: 5256개(32.1%) 버퍼 씀; 0개 WAL 파일 추가됨, 3개 지웠음, 0개 재활용; 쓰기시간: 269.076 s, 동기화시간: 0.009 s, 전체시간: 269.115 s; 동기화 파일 개수: 13, 최장시간: 0.004 s, 평균시간: 0.001 s; 실제작업량: 46019 kB, 예상한작업량: 427261 kB
2026-02-23 15:32:38.800 KST [9105] 로그:  체크포인트 시작: time
2026-02-23 15:37:08.115 KST [9105] 로그:  채크포인트 작업완료: 5327개(32.5%) 버퍼 씀; 0개 WAL 파일 추가됨, 3개 지웠음, 0개 재활용; 쓰기시간: 269.265 s, 동기화시간: 0.011 s, 전체시간: 269.316 s; 동기화 파일 개수: 11, 최장시간: 0.008 s, 평균시간: 0.001 s; 실제작업량: 46550 kB, 예상한작업량: 389190 kB
2026-02-23 16:17:38.510 KST [9105] 로그:  체크포인트 시작: time
2026-02-23 16:22:08.128 KST [9105] 로그:  채크포인트 작업완료: 5311개(32.4%) 버퍼 씀; 0개 WAL 파일 추가됨, 3개 지웠음, 0개 재활용; 쓰기시간: 269.571 s, 동기화시간: 0.012 s, 전체시간: 269.618 s; 동기화 파일 개수: 12, 최장시간: 0.008 s, 평균시간: 0.001 s; 실제작업량: 46428 kB, 예상한작업량: 354913 kB
2026-02-23 16:57:38.808 KST [9105] 로그:  체크포인트 시작: time
2026-02-23 17:02:08.098 KST [9105] 로그:  채크포인트 작업완료: 5243개(32.0%) 버퍼 씀; 0개 WAL 파일 추가됨, 3개 지웠음, 0개 재활용; 쓰기시간: 269.251 s, 동기화시간: 0.008 s, 전체시간: 269.290 s; 동기화 파일 개수: 11, 최장시간: 0.004 s, 평균시간: 0.001 s; 실제작업량: 45938 kB, 예상한작업량: 324016 kB
2026-02-23 17:27:43.522 KST [12281] 로그:  열린 트랜잭션과 함께 클라이언트 연결에서 예상치 않은 EOF 발견됨
2026-02-23 17:32:38.607 KST [9105] 로그:  체크포인트 시작: time
2026-02-23 17:32:38.631 KST [9105] 로그:  채크포인트 작업완료: 1개(0.0%) 버퍼 씀; 0개 WAL 파일 추가됨, 0개 지웠음, 0개 재활용; 쓰기시간: 0.004 s, 동기화시간: 0.001 s, 전체시간: 0.024 s; 동기화 파일 개수: 1, 최장시간: 0.001 s, 평균시간: 0.001 s; 실제작업량: 0 kB, 예상한작업량: 291614 kB
2026-02-23 17:47:38.861 KST [9105] 로그:  체크포인트 시작: time
2026-02-23 17:47:39.492 KST [9105] 로그:  채크포인트 작업완료: 7개(0.0%) 버퍼 씀; 0개 WAL 파일 추가됨, 0개 지웠음, 0개 재활용; 쓰기시간: 0.605 s, 동기화시간: 0.011 s, 전체시간: 0.632 s; 동기화 파일 개수: 6, 최장시간: 0.010 s, 평균시간: 0.002 s; 실제작업량: 27 kB, 예상한작업량: 262456 kB
2026-02-23 18:32:39.286 KST [9105] 로그:  체크포인트 시작: time
2026-02-23 18:37:09.117 KST [9105] 로그:  채크포인트 작업완료: 5353개(32.7%) 버퍼 씀; 0개 WAL 파일 추가됨, 3개 지웠음, 0개 재활용; 쓰기시간: 269.788 s, 동기화시간: 0.008 s, 전체시간: 269.831 s; 동기화 파일 개수: 12, 최장시간: 0.004 s, 평균시간: 0.001 s; 실제작업량: 46772 kB, 예상한작업량: 240887 kB
2026-02-23 19:17:39.842 KST [9105] 로그:  체크포인트 시작: time
2026-02-23 19:22:09.089 KST [9105] 로그:  채크포인트 작업완료: 5391개(32.9%) 버퍼 씀; 0개 WAL 파일 추가됨, 2개 지웠음, 0개 재활용; 쓰기시간: 269.203 s, 동기화시간: 0.012 s, 전체시간: 269.248 s; 동기화 파일 개수: 11, 최장시간: 0.008 s, 평균시간: 0.002 s; 실제작업량: 47045 kB, 예상한작업량: 221503 kB
2026-02-23 20:02:39.650 KST [9105] 로그:  체크포인트 시작: time
2026-02-23 20:07:09.088 KST [9105] 로그:  채크포인트 작업완료: 5359개(32.7%) 버퍼 씀; 0개 WAL 파일 추가됨, 3개 지웠음, 0개 재활용; 쓰기시간: 269.388 s, 동기화시간: 0.011 s, 전체시간: 269.438 s; 동기화 파일 개수: 9, 최장시간: 0.008 s, 평균시간: 0.002 s; 실제작업량: 46842 kB, 예상한작업량: 204037 kB
2026-02-23 20:42:39.818 KST [9105] 로그:  체크포인트 시작: time
2026-02-23 20:47:09.106 KST [9105] 로그:  채크포인트 작업완료: 5300개(32.3%) 버퍼 씀; 0개 WAL 파일 추가됨, 3개 지웠음, 0개 재활용; 쓰기시간: 269.239 s, 동기화시간: 0.012 s, 전체시간: 269.289 s; 동기화 파일 개수: 11, 최장시간: 0.008 s, 평균시간: 0.002 s; 실제작업량: 46321 kB, 예상한작업량: 188265 kB
2026-02-23 21:27:39.854 KST [9105] 로그:  체크포인트 시작: time
2026-02-23 21:32:09.076 KST [9105] 로그:  채크포인트 작업완료: 5360개(32.7%) 버퍼 씀; 0개 WAL 파일 추가됨, 3개 지웠음, 0개 재활용; 쓰기시간: 269.174 s, 동기화시간: 0.012 s, 전체시간: 269.222 s; 동기화 파일 개수: 14, 최장시간: 0.008 s, 평균시간: 0.001 s; 실제작업량: 46820 kB, 예상한작업량: 174121 kB
2026-02-23 21:37:39.240 KST [9105] 로그:  체크포인트 시작: time
2026-02-23 21:42:09.024 KST [9105] 로그:  채크포인트 작업완료: 9210개(56.2%) 버퍼 씀; 0개 WAL 파일 추가됨, 0개 지웠음, 0개 재활용; 쓰기시간: 269.757 s, 동기화시간: 0.008 s, 전체시간: 269.784 s; 동기화 파일 개수: 11, 최장시간: 0.004 s, 평균시간: 0.001 s; 실제작업량: 5 kB, 예상한작업량: 156709 kB
2026-02-24 15:42:57.751 KST [9105] 로그:  체크포인트 시작: time
2026-02-24 15:47:27.189 KST [9105] 로그:  채크포인트 작업완료: 6516개(39.8%) 버퍼 씀; 0개 WAL 파일 추가됨, 9개 지웠음, 3개 재활용; 쓰기시간: 269.334 s, 동기화시간: 0.024 s, 전체시간: 269.438 s; 동기화 파일 개수: 49, 최장시간: 0.007 s, 평균시간: 0.001 s; 실제작업량: 197557 kB, 예상한작업량: 197557 kB
2026-02-24 15:47:57.218 KST [9105] 로그:  체크포인트 시작: time
2026-02-24 15:52:27.099 KST [9105] 로그:  채크포인트 작업완료: 3595개(21.9%) 버퍼 씀; 0개 WAL 파일 추가됨, 0개 지웠음, 19개 재활용; 쓰기시간: 269.795 s, 동기화시간: 0.009 s, 전체시간: 269.881 s; 동기화 파일 개수: 26, 최장시간: 0.007 s, 평균시간: 0.001 s; 실제작업량: 307252 kB, 예상한작업량: 307252 kB
2026-02-24 15:55:12.292 KST [134638] 로그:  "term" 분석 건너뜀 --- 잠글 수 없음
2026-02-24 15:57:57.198 KST [9105] 로그:  체크포인트 시작: time
2026-02-24 16:02:08.917 KST [9105] 로그:  채크포인트 작업완료: 1055개(6.4%) 버퍼 씀; 0개 WAL 파일 추가됨, 0개 지웠음, 31개 재활용; 쓰기시간: 251.593 s, 동기화시간: 0.011 s, 전체시간: 251.719 s; 동기화 파일 개수: 64, 최장시간: 0.007 s, 평균시간: 0.001 s; 실제작업량: 515436 kB, 예상한작업량: 515436 kB
2026-02-24 16:12:40.926 KST [9105] 로그:  체크포인트 시작: wal
2026-02-24 16:17:10.175 KST [9105] 로그:  채크포인트 작업완료: 4251개(25.9%) 버퍼 씀; 0개 WAL 파일 추가됨, 0개 지웠음, 33개 재활용; 쓰기시간: 269.091 s, 동기화시간: 0.048 s, 전체시간: 269.250 s; 동기화 파일 개수: 53, 최장시간: 0.009 s, 평균시간: 0.001 s; 실제작업량: 528340 kB, 예상한작업량: 528340 kB
2026-02-24 16:17:40.206 KST [9105] 로그:  체크포인트 시작: time
2026-02-24 16:22:10.121 KST [9105] 로그:  채크포인트 작업완료: 3813개(23.3%) 버퍼 씀; 0개 WAL 파일 추가됨, 0개 지웠음, 24개 재활용; 쓰기시간: 269.813 s, 동기화시간: 0.009 s, 전체시간: 269.916 s; 동기화 파일 개수: 21, 최장시간: 0.007 s, 평균시간: 0.001 s; 실제작업량: 407485 kB, 예상한작업량: 516255 kB
2026-02-25 00:22:46.540 KST [9105] 로그:  체크포인트 시작: time
2026-02-25 00:27:16.130 KST [9105] 로그:  채크포인트 작업완료: 5276개(32.2%) 버퍼 씀; 0개 WAL 파일 추가됨, 0개 지웠음, 29개 재활용; 쓰기시간: 269.483 s, 동기화시간: 0.008 s, 전체시간: 269.590 s; 동기화 파일 개수: 28, 최장시간: 0.004 s, 평균시간: 0.001 s; 실제작업량: 474271 kB, 예상한작업량: 512056 kB
2026-02-25 00:27:46.160 KST [9105] 로그:  체크포인트 시작: time
2026-02-25 00:32:16.155 KST [9105] 로그:  채크포인트 작업완료: 6640개(40.5%) 버퍼 씀; 0개 WAL 파일 추가됨, 0개 지웠음, 28개 재활용; 쓰기시간: 269.892 s, 동기화시간: 0.008 s, 전체시간: 269.995 s; 동기화 파일 개수: 13, 최장시간: 0.004 s, 평균시간: 0.001 s; 실제작업량: 450240 kB, 예상한작업량: 505875 kB
